TN:
SF:C:\Users\User\Desktop\demo app\New folder\space-x-launcher\src\polyfills.ts
FNF:0
FNH:0
LF:0
LH:0
BRF:0
BRH:0
end_of_record
TN:
SF:C:\Users\User\Desktop\demo app\New folder\space-x-launcher\src\test.ts
FNF:0
FNH:0
DA:13,1
DA:18,1
DA:20,1
LF:3
LH:3
BRF:0
BRH:0
end_of_record
TN:
SF:C:\Users\User\Desktop\demo app\New folder\space-x-launcher\src\app\app.component.ts
FN:3,(anonymous_0)
FNF:1
FNH:1
FNDA:1,(anonymous_0)
DA:8,1
DA:9,1
LF:2
LH:2
BRF:0
BRH:0
end_of_record
TN:
SF:C:\Users\User\Desktop\demo app\New folder\space-x-launcher\src\app\filter\filter.component.ts
FN:16,(anonymous_0)
FN:21,(anonymous_1)
FN:28,(anonymous_2)
FN:29,(anonymous_3)
FN:35,(anonymous_4)
FNF:5
FNH:5
FNDA:2,(anonymous_0)
FNDA:2,(anonymous_1)
FNDA:2,(anonymous_2)
FNDA:2,(anonymous_3)
FNDA:2,(anonymous_4)
DA:10,1
DA:17,2
DA:18,2
DA:22,2
DA:23,2
DA:24,2
DA:25,2
DA:26,2
DA:29,2
DA:30,2
DA:31,0
DA:36,2
DA:39,2
DA:42,2
DA:45,2
DA:50,2
DA:51,2
DA:52,2
DA:54,2
DA:56,2
DA:60,2
LF:21
LH:20
BRDA:30,0,0,0
BRDA:30,0,1,2
BRDA:30,1,0,2
BRDA:30,1,1,0
BRDA:37,2,0,1
BRDA:37,2,1,1
BRDA:37,3,0,0
BRDA:37,3,1,1
BRDA:40,4,0,1
BRDA:40,4,1,1
BRDA:40,5,0,0
BRDA:40,5,1,1
BRDA:43,6,0,0
BRDA:43,6,1,2
BRDA:43,7,0,0
BRDA:43,7,1,0
BRDA:51,8,0,2
BRDA:51,8,1,0
BRDA:53,9,0,2
BRDA:53,9,1,0
BRDA:55,10,0,0
BRDA:55,10,1,2
BRDA:54,11,0,2
BRDA:54,11,1,2
BRDA:57,12,0,1
BRDA:57,12,1,1
BRDA:56,13,0,2
BRDA:56,13,1,2
BRF:28
BRH:18
end_of_record
TN:
SF:C:\Users\User\Desktop\demo app\New folder\space-x-launcher\src\app\landing-page\landing-page.component.ts
FN:10,(anonymous_0)
FN:12,(anonymous_1)
FNF:2
FNH:2
FNDA:1,(anonymous_0)
FNDA:1,(anonymous_1)
DA:8,1
LF:1
LH:1
BRF:0
BRH:0
end_of_record
TN:
SF:C:\Users\User\Desktop\demo app\New folder\space-x-launcher\src\app\launch-list\launch-list.component.ts
FN:15,(anonymous_0)
FN:20,(anonymous_1)
FN:24,(anonymous_2)
FN:25,(anonymous_3)
FN:32,(anonymous_4)
FN:33,(anonymous_5)
FNF:6
FNH:5
FNDA:2,(anonymous_0)
FNDA:2,(anonymous_1)
FNDA:3,(anonymous_2)
FNDA:3,(anonymous_3)
FNDA:2,(anonymous_4)
FNDA:0,(anonymous_5)
DA:11,1
DA:12,2
DA:13,2
DA:16,2
DA:17,2
DA:21,2
DA:22,2
DA:25,3
DA:26,3
DA:27,3
DA:28,3
DA:33,2
DA:34,0
DA:35,0
LF:14
LH:12
BRDA:27,0,0,3
BRDA:27,0,1,0
BRDA:27,1,0,3
BRDA:27,1,1,3
BRDA:34,2,0,0
BRDA:34,2,1,0
BRDA:34,3,0,0
BRDA:34,3,1,0
BRDA:35,4,0,0
BRDA:35,4,1,0
BRF:10
BRH:3
end_of_record
TN:
SF:C:\Users\User\Desktop\demo app\New folder\space-x-launcher\src\app\services\lauch-manager.service.ts
FN:12,(anonymous_0)
FN:14,(anonymous_1)
FN:27,(anonymous_2)
FN:31,(anonymous_3)
FNF:4
FNH:2
FNDA:3,(anonymous_0)
FNDA:2,(anonymous_1)
FNDA:0,(anonymous_2)
FNDA:0,(anonymous_3)
DA:8,1
DA:9,3
DA:10,3
DA:12,3
DA:15,2
DA:16,2
DA:17,0
DA:19,0
DA:21,0
DA:25,2
DA:26,2
DA:28,0
DA:32,0
LF:13
LH:8
BRDA:16,0,0,0
BRDA:16,0,1,2
BRDA:18,1,0,0
BRDA:18,1,1,0
BRDA:20,2,0,0
BRDA:20,2,1,0
BRDA:19,3,0,0
BRDA:19,3,1,0
BRDA:22,4,0,0
BRDA:22,4,1,0
BRDA:21,5,0,0
BRDA:21,5,1,0
BRF:12
BRH:1
end_of_record
